#
# There is insufficient memory for the Java Runtime Environment to continue.
# Native memory allocation (malloc) failed to allocate 1048576 bytes for AllocateHeap
# Possible reasons:
#   The system is out of physical RAM or swap space
#   In 32 bit mode, the process size limit was hit
# Possible solutions:
#   Reduce memory load on the system
#   Increase physical memory or swap space
#   Check if swap backing store is full
#   Use 64 bit Java on a 64 bit OS
#   Decrease Java heap size (-Xmx/-Xms)
#   Decrease number of Java threads
#   Decrease Java thread stack sizes (-Xss)
#   Set larger code cache with -XX:ReservedCodeCacheSize=
# This output file may be truncated or incomplete.
#
#  Out of Memory Error (memory/allocation.inline.hpp:61), pid=2480, tid=0x000000000000128c
#
# JRE version:  (8.0_101-b13) (build )
# Java VM: Java HotSpot(TM) 64-Bit Server VM (25.101-b13 mixed mode windows-amd64 compressed oops)
# Failed to write core dump. Minidumps are not enabled by default on client versions of Windows
#

---------------  T H R E A D  ---------------

Current thread (0x0000000002c10800):  JavaThread "Unknown thread" [_thread_in_vm, id=4748, stack(0x0000000002a10000,0x0000000002b10000)]

Stack: [0x0000000002a10000,0x0000000002b10000]
[error occurred during error reporting (printing stack bounds), id 0xc0000005]

Native frames: (J=compiled Java code, j=interpreted, Vv=VM code, C=native code)


---------------  P R O C E S S  ---------------

Java Threads: ( => current thread )

Other Threads:

=>0x0000000002c10800 (exited) JavaThread "Unknown thread" [_thread_in_vm, id=4748, stack(0x0000000002a10000,0x0000000002b10000)]

VM state:not at safepoint (normal execution)

VM Mutex/Monitor currently owned by a thread: None

Heap:
 PSYoungGen      total 38400K, used 665K [0x00000000d5b00000, 0x00000000d8580000, 0x0000000100000000)
  eden space 33280K, 2% used [0x00000000d5b00000,0x00000000d5ba6670,0x00000000d7b80000)
  from space 5120K, 0% used [0x00000000d8080000,0x00000000d8080000,0x00000000d8580000)
  to   space 5120K, 0% used [0x00000000d7b80000,0x00000000d7b80000,0x00000000d8080000)
 ParOldGen       total 87552K, used 0K [0x0000000081000000, 0x0000000086580000, 0x00000000d5b00000)
  object space 87552K, 0% used [0x0000000081000000,0x0000000081000000,0x0000000086580000)
 Metaspace       used 746K, capacity 4480K, committed 4480K, reserved 1056768K
  class space    used 75K, capacity 384K, committed 384K, reserved 1048576K

Card table byte_map: [0x00000000120d0000,0x00000000124d0000] byte_map_base: 0x0000000011cc8000

Marking Bits: (ParMarkBitMap*) 0x000000005f75a6d0
 Begin Bits: [0x0000000012b80000, 0x0000000014b40000)
 End Bits:   [0x0000000014b40000, 0x0000000016b00000)

Polling page: 0x0000000002810000

CodeCache: size=245760Kb used=328Kb max_used=328Kb free=245431Kb
 bounds [0x0000000002d10000, 0x0000000002f80000, 0x0000000011d10000]
 total_blobs=58 nmethods=0 adapters=38
 compilation: enabled

Compilation events (0 events):
No events

GC Heap History (0 events):
No events

Deoptimization events (0 events):
No events

Internal exceptions (0 events):
No events

Events (10 events):
Event: 0.052 loading class java/lang/Short
Event: 0.053 loading class java/lang/Short done
Event: 0.053 loading class java/lang/Integer
Event: 0.053 loading class java/lang/Integer done
Event: 0.053 loading class java/lang/Long
Event: 0.053 loading class java/lang/Long done
Event: 0.059 loading class java/lang/NullPointerException
Event: 0.059 loading class java/lang/NullPointerException done
Event: 0.059 loading class java/lang/ArithmeticException
Event: 0.059 loading class java/lang/ArithmeticException done


Dynamic libraries:
0x00007ff73fad0000 - 0x00007ff73fb07000 	C:\Program Files\Java\jre1.8.0_101\bin\java.exe
0x00007ffc6ecf0000 - 0x00007ffc6eeb1000 	C:\WINDOWS\SYSTEM32\ntdll.dll
0x00007ffc6c2a0000 - 0x00007ffc6c34d000 	C:\WINDOWS\system32\KERNEL32.DLL
0x00007ffc6be90000 - 0x00007ffc6c078000 	C:\WINDOWS\system32\KERNELBASE.dll
0x00007ffc6c590000 - 0x00007ffc6c637000 	C:\WINDOWS\system32\ADVAPI32.dll
0x00007ffc6c200000 - 0x00007ffc6c29d000 	C:\WINDOWS\system32\msvcrt.dll
0x00007ffc6c0f0000 - 0x00007ffc6c14b000 	C:\WINDOWS\system32\sechost.dll
0x00007ffc6c350000 - 0x00007ffc6c46c000 	C:\WINDOWS\system32\RPCRT4.dll
0x00007ffc6dce0000 - 0x00007ffc6de36000 	C:\WINDOWS\system32\USER32.dll
0x00007ffc6ea90000 - 0x00007ffc6ec16000 	C:\WINDOWS\system32\GDI32.dll
0x00007ffc605a0000 - 0x00007ffc60814000 	C:\WINDOWS\WinSxS\amd64_microsoft.windows.common-controls_6595b64144ccf1df_6.0.10586.494_none_a2d8b04ea53e3145\COMCTL32.dll
0x00007ffc6e810000 - 0x00007ffc6ea8d000 	C:\WINDOWS\system32\combase.dll
0x00007ffc6bdc0000 - 0x00007ffc6be2a000 	C:\WINDOWS\system32\bcryptPrimitives.dll
0x00007ffc6c470000 - 0x00007ffc6c4ab000 	C:\WINDOWS\system32\IMM32.DLL
0x000000005e650000 - 0x000000005e722000 	C:\Program Files\Java\jre1.8.0_101\bin\msvcr100.dll
0x000000005ef40000 - 0x000000005f7da000 	C:\Program Files\Java\jre1.8.0_101\bin\server\jvm.dll
0x00007ffc6dba0000 - 0x00007ffc6dba8000 	C:\WINDOWS\system32\PSAPI.DLL
0x00007ffc68700000 - 0x00007ffc68709000 	C:\WINDOWS\SYSTEM32\WSOCK32.dll
0x00007ffc6e430000 - 0x00007ffc6e49b000 	C:\WINDOWS\system32\WS2_32.dll
0x00007ffc69a10000 - 0x00007ffc69a33000 	C:\WINDOWS\SYSTEM32\WINMM.dll
0x00007ffc65c40000 - 0x00007ffc65c4a000 	C:\WINDOWS\SYSTEM32\VERSION.dll
0x00007ffc699e0000 - 0x00007ffc69a0c000 	C:\WINDOWS\SYSTEM32\WINMMBASE.dll
0x00007ffc6c0a0000 - 0x00007ffc6c0e3000 	C:\WINDOWS\system32\cfgmgr32.dll
0x000000005ee50000 - 0x000000005ee5f000 	C:\Program Files\Java\jre1.8.0_101\bin\verify.dll
0x000000005ee20000 - 0x000000005ee49000 	C:\Program Files\Java\jre1.8.0_101\bin\java.dll
0x000000005ee00000 - 0x000000005ee16000 	C:\Program Files\Java\jre1.8.0_101\bin\zip.dll

VM Arguments:
java_command: C:\WEB\www\system\sassc.exe --style compressed kbd-shared.scss kbd-shared.css
java_class_path (initial): C:\WEB\www\system\sassc.exe
Launcher Type: SUN_STANDARD

Environment Variables:
JAVA_HOME=C:\Program Files\Java\jre1.8.0_101
PATH=C:\Program Files\Ruby23-x64\bin;C:\ProgramData\Oracle\Java\javapath;C:\WEB\ImageMagick;C:\WINDOWS\system32;C:\WINDOWS;C:\WINDOWS\System32\Wbem;C:\WINDOWS\System32\WindowsPowerShell\v1.0\;C:\Program Files\nodejs\;C:\Program Files\Git\cmd;C:\Program Files (x86)\Windows Kits\8.1\Windows Performance Toolkit\;C:\Program Files (x86)\Intel\OpenCL SDK\2.0\bin\x86;C:\Program Files (x86)\Intel\OpenCL SDK\2.0\bin\x64;C:\Program Files\Ruby23-x64\bin;C:\WEB\ImageMagick;C:\Program Files\Ruby22-x64\bin;C:\Program Files\Java\jre7\bin;C:\WEB\www\system\ant\bin;C:\WEB\www\system;"C:\Program Files\Java\jre1.8.0_101\bin";C:\Cloud\Tools\Adb_Fastboot;C:\Users\tonyb\AppData\Roaming\npm;C:\WEB\ImageMagick;C:\Program Files (x86)\Python27;C:\Program Files\WinRAR;C:\WEB\php;C:\Users\tonyb\AppData\Roaming\Dashlane\4.5.1.15044\bin\Firefox_Extension\{442718d9-475e-452a-b3e1-fb1ee16b8e9f}\components;C:\Program Files\Java\jre1.8.0_101\bin
USERNAME=tonyb
OS=Windows_NT
PROCESSOR_IDENTIFIER=Intel64 Family 6 Model 42 Stepping 7, GenuineIntel



---------------  S Y S T E M  ---------------

OS: Windows 10.0 , 64 bit Build 10586 (10.0.10586.0)

CPU:total 4 (2 cores per cpu, 2 threads per core) family 6 model 42 stepping 7, cmov, cx8, fxsr, mmx, sse, sse2, sse3, ssse3, sse4.1, sse4.2, popcnt, avx, aes, clmul, ht, tsc, tscinvbit

Memory: 4k page, physical 8321388k(1790896k free), swap 9369964k(2568k free)

vm_info: Java HotSpot(TM) 64-Bit Server VM (25.101-b13) for windows-amd64 JRE (1.8.0_101-b13), built on Jun 22 2016 01:21:29 by "java_re" with MS VC++ 10.0 (VS2010)

time: Wed Aug 17 18:36:07 2016
elapsed time: 0 seconds (0d 0h 0m 0s)

